Determining if the pthread_create exist failed with the following output:
Change Dir: /home/rosmachine/ROSworkspaces/testObsAvoid/build/CMakeFiles/CMakeTmp

Run Build Command:"/usr/bin/make" "cmTC_84682/fast"
/usr/bin/make -f CMakeFiles/cmTC_84682.dir/build.make CMakeFiles/cmTC_84682.dir/build
make[1]: Entering directory '/home/rosmachine/ROSworkspaces/testObsAvoid/build/CMakeFiles/CMakeTmp'
Building C object CMakeFiles/cmTC_84682.dir/CheckSymbolExists.c.o
/usr/bin/cc    -o CMakeFiles/cmTC_84682.dir/CheckSymbolExists.c.o   -c /home/rosmachine/ROSworkspaces/testObsAvoid/build/CMakeFiles/CMakeTmp/CheckSymbolExists.c
Linking C executable cmTC_84682
/usr/bin/cmake -E cmake_link_script CMakeFiles/cmTC_84682.dir/link.txt --verbose=1
/usr/bin/cc      -rdynamic CMakeFiles/cmTC_84682.dir/CheckSymbolExists.c.o  -o cmTC_84682 
CMakeFiles/cmTC_84682.dir/CheckSymbolExists.c.o: In function `main':
CheckSymbolExists.c:(.text+0x1b): undefined reference to `pthread_create'
collect2: error: ld returned 1 exit status
CMakeFiles/cmTC_84682.dir/build.make:97: recipe for target 'cmTC_84682' failed
make[1]: *** [cmTC_84682] Error 1
make[1]: Leaving directory '/home/rosmachine/ROSworkspaces/testObsAvoid/build/CMakeFiles/CMakeTmp'
Makefile:126: recipe for target 'cmTC_84682/fast' failed
make: *** [cmTC_84682/fast] Error 2

File /home/rosmachine/ROSworkspaces/testObsAvoid/build/CMakeFiles/CMakeTmp/CheckSymbolExists.c:
/* */
#include <pthread.h>

int main(int argc, char** argv)
{
  (void)argv;
#ifndef pthread_create
  return ((int*)(&pthread_create))[argc];
#else
  (void)argc;
  return 0;
#endif
}

Determining if the function pthread_create exists in the pthreads failed with the following output:
Change Dir: /home/rosmachine/ROSworkspaces/testObsAvoid/build/CMakeFiles/CMakeTmp

Run Build Command:"/usr/bin/make" "cmTC_87bd9/fast"
/usr/bin/make -f CMakeFiles/cmTC_87bd9.dir/build.make CMakeFiles/cmTC_87bd9.dir/build
make[1]: Entering directory '/home/rosmachine/ROSworkspaces/testObsAvoid/build/CMakeFiles/CMakeTmp'
Building C object CMakeFiles/cmTC_87bd9.dir/CheckFunctionExists.c.o
/usr/bin/cc   -DCHECK_FUNCTION_EXISTS=pthread_create   -o CMakeFiles/cmTC_87bd9.dir/CheckFunctionExists.c.o   -c /usr/share/cmake-3.10/Modules/CheckFunctionExists.c
Linking C executable cmTC_87bd9
/usr/bin/cmake -E cmake_link_script CMakeFiles/cmTC_87bd9.dir/link.txt --verbose=1
/usr/bin/cc  -DCHECK_FUNCTION_EXISTS=pthread_create    -rdynamic CMakeFiles/cmTC_87bd9.dir/CheckFunctionExists.c.o  -o cmTC_87bd9 -lpthreads 
/usr/bin/ld: cannot find -lpthreads
collect2: error: ld returned 1 exit status
CMakeFiles/cmTC_87bd9.dir/build.make:97: recipe for target 'cmTC_87bd9' failed
make[1]: *** [cmTC_87bd9] Error 1
make[1]: Leaving directory '/home/rosmachine/ROSworkspaces/testObsAvoid/build/CMakeFiles/CMakeTmp'
Makefile:126: recipe for target 'cmTC_87bd9/fast' failed
make: *** [cmTC_87bd9/fast] Error 2


